<?xml version="1.0" encoding="UTF-8"?>
<!-- Generated by org.testng.reporters.JUnitReportReporter -->
<testsuite hostname="hp-PC" failures="0" tests="1" name="extnreport.extnrpt" time="72.874" errors="0" timestamp="30 Oct 2020 07:43:15 GMT" skipped="0">
  <testcase classname="extnreport.extnrpt" name="login" time="72.874"/>
</testsuite> <!-- extnreport.extnrpt -->
